{"C:\\Users\\2262916\\Documents\\DataBase\\jwt.js": {"path":"C:\\Users\\2262916\\Documents\\DataBase\\jwt.js","statementMap":{"0":{"start":{"line":1,"column":12},"end":{"line":1,"column":35}},"1":{"start":{"line":2,"column":17},"end":{"line":2,"column":36}},"2":{"start":{"line":3,"column":16},"end":{"line":3,"column":34}},"3":{"start":{"line":4,"column":19},"end":{"line":4,"column":41}},"4":{"start":{"line":5,"column":14},"end":{"line":5,"column":50}},"5":{"start":{"line":6,"column":22},"end":{"line":6,"column":61}},"6":{"start":{"line":9,"column":12},"end":{"line":9,"column":21}},"7":{"start":{"line":11,"column":0},"end":{"line":11,"column":27}},"8":{"start":{"line":12,"column":0},"end":{"line":12,"column":48}},"9":{"start":{"line":14,"column":0},"end":{"line":14,"column":24}},"10":{"start":{"line":16,"column":0},"end":{"line":16,"column":55}},"11":{"start":{"line":20,"column":0},"end":{"line":33,"column":3}},"12":{"start":{"line":21,"column":21},"end":{"line":21,"column":40}},"13":{"start":{"line":22,"column":25},"end":{"line":22,"column":70}},"14":{"start":{"line":23,"column":8},"end":{"line":32,"column":9}},"15":{"start":{"line":25,"column":12},"end":{"line":25,"column":71}},"16":{"start":{"line":29,"column":12},"end":{"line":29,"column":29}},"17":{"start":{"line":30,"column":12},"end":{"line":30,"column":56}},"18":{"start":{"line":31,"column":12},"end":{"line":31,"column":100}},"19":{"start":{"line":35,"column":0},"end":{"line":50,"column":3}},"20":{"start":{"line":36,"column":22},"end":{"line":36,"column":30}},"21":{"start":{"line":37,"column":18},"end":{"line":37,"column":33}},"22":{"start":{"line":38,"column":19},"end":{"line":38,"column":49}},"23":{"start":{"line":39,"column":4},"end":{"line":49,"column":5}},"24":{"start":{"line":41,"column":22},"end":{"line":41,"column":65}},"25":{"start":{"line":42,"column":8},"end":{"line":42,"column":46}},"26":{"start":{"line":47,"column":8},"end":{"line":47,"column":47}},"27":{"start":{"line":48,"column":8},"end":{"line":48,"column":25}},"28":{"start":{"line":52,"column":0},"end":{"line":56,"column":2}},"29":{"start":{"line":53,"column":17},"end":{"line":53,"column":44}},"30":{"start":{"line":54,"column":4},"end":{"line":54,"column":22}},"31":{"start":{"line":55,"column":4},"end":{"line":55,"column":59}},"32":{"start":{"line":58,"column":0},"end":{"line":70,"column":2}},"33":{"start":{"line":59,"column":20},"end":{"line":59,"column":33}},"34":{"start":{"line":60,"column":27},"end":{"line":60,"column":65}},"35":{"start":{"line":61,"column":8},"end":{"line":68,"column":9}},"36":{"start":{"line":63,"column":12},"end":{"line":63,"column":45}},"37":{"start":{"line":67,"column":12},"end":{"line":67,"column":53}},"38":{"start":{"line":72,"column":0},"end":{"line":87,"column":2}},"39":{"start":{"line":73,"column":16},"end":{"line":73,"column":29}},"40":{"start":{"line":74,"column":23},"end":{"line":74,"column":61}},"41":{"start":{"line":76,"column":4},"end":{"line":84,"column":5}},"42":{"start":{"line":78,"column":8},"end":{"line":78,"column":58}},"43":{"start":{"line":82,"column":19},"end":{"line":82,"column":79}},"44":{"start":{"line":83,"column":8},"end":{"line":83,"column":58}},"45":{"start":{"line":89,"column":0},"end":{"line":102,"column":2}},"46":{"start":{"line":90,"column":16},"end":{"line":90,"column":29}},"47":{"start":{"line":91,"column":23},"end":{"line":91,"column":61}},"48":{"start":{"line":93,"column":4},"end":{"line":101,"column":5}},"49":{"start":{"line":95,"column":8},"end":{"line":95,"column":31}},"50":{"start":{"line":99,"column":19},"end":{"line":99,"column":59}},"51":{"start":{"line":100,"column":8},"end":{"line":100,"column":51}},"52":{"start":{"line":105,"column":17},"end":{"line":105,"column":45}},"53":{"start":{"line":106,"column":4},"end":{"line":109,"column":5}},"54":{"start":{"line":107,"column":8},"end":{"line":107,"column":54}},"55":{"start":{"line":108,"column":8},"end":{"line":108,"column":38}},"56":{"start":{"line":110,"column":18},"end":{"line":110,"column":36}},"57":{"start":{"line":111,"column":4},"end":{"line":114,"column":5}},"58":{"start":{"line":112,"column":8},"end":{"line":112,"column":39}},"59":{"start":{"line":113,"column":8},"end":{"line":113,"column":38}},"60":{"start":{"line":115,"column":4},"end":{"line":122,"column":6}},"61":{"start":{"line":116,"column":8},"end":{"line":119,"column":9}},"62":{"start":{"line":117,"column":12},"end":{"line":117,"column":53}},"63":{"start":{"line":118,"column":12},"end":{"line":118,"column":42}},"64":{"start":{"line":120,"column":8},"end":{"line":120,"column":24}},"65":{"start":{"line":121,"column":8},"end":{"line":121,"column":15}},"66":{"start":{"line":129,"column":0},"end":{"line":132,"column":1}}},"fnMap":{"0":{"name":"(anonymous_0)","decl":{"start":{"line":20,"column":20},"end":{"line":20,"column":21}},"loc":{"start":{"line":20,"column":36},"end":{"line":33,"column":1}},"line":20},"1":{"name":"(anonymous_1)","decl":{"start":{"line":35,"column":18},"end":{"line":35,"column":19}},"loc":{"start":{"line":35,"column":35},"end":{"line":50,"column":1}},"line":35},"2":{"name":"(anonymous_2)","decl":{"start":{"line":52,"column":36},"end":{"line":52,"column":37}},"loc":{"start":{"line":52,"column":53},"end":{"line":56,"column":1}},"line":52},"3":{"name":"(anonymous_3)","decl":{"start":{"line":58,"column":40},"end":{"line":58,"column":41}},"loc":{"start":{"line":58,"column":57},"end":{"line":70,"column":1}},"line":58},"4":{"name":"(anonymous_4)","decl":{"start":{"line":72,"column":41},"end":{"line":72,"column":42}},"loc":{"start":{"line":72,"column":58},"end":{"line":87,"column":1}},"line":72},"5":{"name":"(anonymous_5)","decl":{"start":{"line":89,"column":45},"end":{"line":89,"column":46}},"loc":{"start":{"line":89,"column":62},"end":{"line":102,"column":1}},"line":89},"6":{"name":"verifyToken","decl":{"start":{"line":104,"column":9},"end":{"line":104,"column":20}},"loc":{"start":{"line":104,"column":34},"end":{"line":123,"column":1}},"line":104},"7":{"name":"(anonymous_7)","decl":{"start":{"line":115,"column":48},"end":{"line":115,"column":49}},"loc":{"start":{"line":115,"column":60},"end":{"line":122,"column":5}},"line":115}},"branchMap":{"0":{"loc":{"start":{"line":23,"column":8},"end":{"line":32,"column":9}},"type":"if","locations":[{"start":{"line":23,"column":8},"end":{"line":32,"column":9}},{"start":{"line":28,"column":8},"end":{"line":32,"column":9}}],"line":23},"1":{"loc":{"start":{"line":39,"column":4},"end":{"line":49,"column":5}},"type":"if","locations":[{"start":{"line":39,"column":4},"end":{"line":49,"column":5}},{"start":{"line":45,"column":4},"end":{"line":49,"column":5}}],"line":39},"2":{"loc":{"start":{"line":61,"column":8},"end":{"line":68,"column":9}},"type":"if","locations":[{"start":{"line":61,"column":8},"end":{"line":68,"column":9}},{"start":{"line":66,"column":8},"end":{"line":68,"column":9}}],"line":61},"3":{"loc":{"start":{"line":76,"column":4},"end":{"line":84,"column":5}},"type":"if","locations":[{"start":{"line":76,"column":4},"end":{"line":84,"column":5}},{"start":{"line":81,"column":4},"end":{"line":84,"column":5}}],"line":76},"4":{"loc":{"start":{"line":93,"column":4},"end":{"line":101,"column":5}},"type":"if","locations":[{"start":{"line":93,"column":4},"end":{"line":101,"column":5}},{"start":{"line":98,"column":4},"end":{"line":101,"column":5}}],"line":93},"5":{"loc":{"start":{"line":106,"column":4},"end":{"line":109,"column":5}},"type":"if","locations":[{"start":{"line":106,"column":4},"end":{"line":109,"column":5}},{"start":{},"end":{}}],"line":106},"6":{"loc":{"start":{"line":111,"column":4},"end":{"line":114,"column":5}},"type":"if","locations":[{"start":{"line":111,"column":4},"end":{"line":114,"column":5}},{"start":{},"end":{}}],"line":111},"7":{"loc":{"start":{"line":116,"column":8},"end":{"line":119,"column":9}},"type":"if","locations":[{"start":{"line":116,"column":8},"end":{"line":119,"column":9}},{"start":{},"end":{}}],"line":116}},"s":{"0":1,"1":1,"2":1,"3":1,"4":1,"5":1,"6":1,"7":1,"8":1,"9":1,"10":1,"11":1,"12":2,"13":2,"14":2,"15":1,"16":1,"17":1,"18":1,"19":1,"20":2,"21":2,"22":2,"23":2,"24":1,"25":1,"26":1,"27":1,"28":1,"29":1,"30":1,"31":1,"32":1,"33":2,"34":2,"35":2,"36":1,"37":1,"38":1,"39":2,"40":2,"41":2,"42":1,"43":1,"44":1,"45":1,"46":2,"47":2,"48":2,"49":1,"50":1,"51":1,"52":10,"53":10,"54":1,"55":1,"56":9,"57":9,"58":1,"59":1,"60":8,"61":8,"62":1,"63":1,"64":7,"65":7,"66":1},"f":{"0":2,"1":2,"2":1,"3":2,"4":2,"5":2,"6":10,"7":8},"b":{"0":[1,1],"1":[1,1],"2":[1,1],"3":[1,1],"4":[1,1],"5":[1,9],"6":[1,8],"7":[1,7]},"_coverageSchema":"1a1c01bbd47fc00a2c39e90264f33305004495a9","hash":"9b4eef7792e92408fa14f11044fc3f6b86e04d70"}
,"C:\\Users\\2262916\\Documents\\DataBase\\model\\bookingdata.model.js": {"path":"C:\\Users\\2262916\\Documents\\DataBase\\model\\bookingdata.model.js","statementMap":{"0":{"start":{"line":1,"column":17},"end":{"line":1,"column":36}},"1":{"start":{"line":3,"column":22},"end":{"line":19,"column":2}},"2":{"start":{"line":21,"column":0},"end":{"line":21,"column":31}}},"fnMap":{},"branchMap":{},"s":{"0":1,"1":1,"2":1},"f":{},"b":{},"_coverageSchema":"1a1c01bbd47fc00a2c39e90264f33305004495a9","hash":"7d12c774b3fdd3cc1eb3c5f82c1f79c30d3e06a4"}
,"C:\\Users\\2262916\\Documents\\DataBase\\model\\userdata.model.js": {"path":"C:\\Users\\2262916\\Documents\\DataBase\\model\\userdata.model.js","statementMap":{"0":{"start":{"line":1,"column":17},"end":{"line":1,"column":36}},"1":{"start":{"line":3,"column":15},"end":{"line":24,"column":2}},"2":{"start":{"line":26,"column":15},"end":{"line":26,"column":45}},"3":{"start":{"line":28,"column":0},"end":{"line":28,"column":23}}},"fnMap":{},"branchMap":{},"s":{"0":1,"1":1,"2":1,"3":1},"f":{},"b":{},"_coverageSchema":"1a1c01bbd47fc00a2c39e90264f33305004495a9","hash":"28de26650eb81291b3907f894bacf0ecd9673a80"}
,"C:\\Users\\2262916\\Documents\\DataBase\\test-data\\jwt.test.data.js": {"path":"C:\\Users\\2262916\\Documents\\DataBase\\test-data\\jwt.test.data.js","statementMap":{"0":{"start":{"line":2,"column":19},"end":{"line":8,"column":1}},"1":{"start":{"line":10,"column":18},"end":{"line":13,"column":1}},"2":{"start":{"line":15,"column":20},"end":{"line":21,"column":1}},"3":{"start":{"line":23,"column":0},"end":{"line":27,"column":1}}},"fnMap":{},"branchMap":{},"s":{"0":1,"1":1,"2":1,"3":1},"f":{},"b":{},"_coverageSchema":"1a1c01bbd47fc00a2c39e90264f33305004495a9","hash":"974383701d25757bfc31bfe819dd91c2c31ec8c9"}
}
