TN:
SF:jwt.js
FN:20,(anonymous_0)
FN:35,(anonymous_1)
FN:52,(anonymous_2)
FN:58,(anonymous_3)
FN:72,(anonymous_4)
FN:89,(anonymous_5)
FN:104,verifyToken
FN:115,(anonymous_7)
FNF:8
FNH:8
FNDA:2,(anonymous_0)
FNDA:2,(anonymous_1)
FNDA:1,(anonymous_2)
FNDA:2,(anonymous_3)
FNDA:2,(anonymous_4)
FNDA:2,(anonymous_5)
FNDA:10,verifyToken
FNDA:8,(anonymous_7)
DA:1,1
DA:2,1
DA:3,1
DA:4,1
DA:5,1
DA:6,1
DA:9,1
DA:11,1
DA:12,1
DA:14,1
DA:16,1
DA:20,1
DA:21,2
DA:22,2
DA:23,2
DA:25,1
DA:29,1
DA:30,1
DA:31,1
DA:35,1
DA:36,2
DA:37,2
DA:38,2
DA:39,2
DA:41,1
DA:42,1
DA:47,1
DA:48,1
DA:52,1
DA:53,1
DA:54,1
DA:55,1
DA:58,1
DA:59,2
DA:60,2
DA:61,2
DA:63,1
DA:67,1
DA:72,1
DA:73,2
DA:74,2
DA:76,2
DA:78,1
DA:82,1
DA:83,1
DA:89,1
DA:90,2
DA:91,2
DA:93,2
DA:95,1
DA:99,1
DA:100,1
DA:105,10
DA:106,10
DA:107,1
DA:108,1
DA:110,9
DA:111,9
DA:112,1
DA:113,1
DA:115,8
DA:116,8
DA:117,1
DA:118,1
DA:120,7
DA:121,7
DA:129,1
LF:67
LH:67
BRDA:23,0,0,1
BRDA:23,0,1,1
BRDA:39,1,0,1
BRDA:39,1,1,1
BRDA:61,2,0,1
BRDA:61,2,1,1
BRDA:76,3,0,1
BRDA:76,3,1,1
BRDA:93,4,0,1
BRDA:93,4,1,1
BRDA:106,5,0,1
BRDA:106,5,1,9
BRDA:111,6,0,1
BRDA:111,6,1,8
BRDA:116,7,0,1
BRDA:116,7,1,7
BRF:16
BRH:16
end_of_record
TN:
SF:model\bookingdata.model.js
FNF:0
FNH:0
DA:1,1
DA:3,1
DA:21,1
LF:3
LH:3
BRF:0
BRH:0
end_of_record
TN:
SF:model\userdata.model.js
FNF:0
FNH:0
DA:1,1
DA:3,1
DA:26,1
DA:28,1
LF:4
LH:4
BRF:0
BRH:0
end_of_record
TN:
SF:test-data\jwt.test.data.js
FNF:0
FNH:0
DA:2,1
DA:10,1
DA:15,1
DA:23,1
LF:4
LH:4
BRF:0
BRH:0
end_of_record
